SCRIPT_PATH: /home/kruu/git_folder/wake_encounter/wake_generation/run_slurm_test_p2p.sh
APP_ROOT: /home/kruu/git_folder/wake_encounter
Sourcing /cm/shared/apps/Miniforge3/etc/profile.d/conda.sh
Sourcing /cm/shared/apps/Miniforge3/etc/profile.d/mamba.sh

Note: the module "intel-oneapi" cannot be unloaded because it was not loaded.

I am running on srv-lab-t-251
I am running with job id 4684
/home/kruu/.conda/envs/wake_encounter/lib/python3.10/site-packages/pyarrow/pandas_compat.py:722: DeprecationWarning: DatetimeTZBlock is deprecated and will be removed in a future version. Use public APIs instead.
  klass=_int.DatetimeTZBlock,
Parent dir: /home/kruu/git_folder
Root dir: /home/kruu/git_folder/P2P_base
CWD: /home/kruu/git_folder/wake_encounter/wake_generation
/home/kruu/git_folder/wake_encounter/data/test_wakes/inputs/1/fort.13
 Abs path: /home/kruu/git_folder/wake_encounter/data/test_wakes
 Run ID: 1
 Input dir: /home/kruu/git_folder/wake_encounter/data/test_wakes/inputs/1
 Results dir: /home/kruu/git_folder/wake_encounter/data/test_wakes/results/1
 Reading file /home/kruu/git_folder/wake_encounter/data/test_wakes/inputs/1/fort
 .13
 Reading file /home/kruu/git_folder/wake_encounter/data/test_wakes/inputs/1/ac_i
 nit.dat
 
t0    =   44.8
gam0  =  314.5
b0    =   47.4
y0    =    0.0
x0    =    0.0
z0    = 1785.5
nit   =    350
uac   =  130.2
gpa   =    3.0
 ----------------
   rmsy   rmsz   rmsc
    NaN    NaN    NaN
 ----------------
 ready

